<?xml version="1.0" encoding="UTF-8"?>
<testsuite name="tests.RegistrationTests" tests="5" skipped="0" failures="0" errors="0" timestamp="2022-07-05T21:03:45" hostname="DESKTOP-K3383S5" time="3.408">
  <properties/>
  <testcase name="registrationSuccess" classname="tests.RegistrationTests" time="0.521"/>
  <testcase name="registrationSuccess" classname="tests.RegistrationTests" time="0.406"/>
  <testcase name="registrationSuccess" classname="tests.RegistrationTests" time="0.369"/>
  <testcase name="registrationSuccess" classname="tests.RegistrationTests" time="0.364"/>
  <testcase name="registrationSuccess" classname="tests.RegistrationTests" time="0.378"/>
  <system-out><![CDATA[]]></system-out>
  <system-err><![CDATA[]]></system-err>
</testsuite>
