<?xml version="1.0" encoding="UTF-8"?>
<testsuite name="tests.AddNewContactTests" tests="15" skipped="0" failures="0" errors="0" timestamp="2022-07-11T14:49:44" hostname="DESKTOP-K3383S5" time="36.551">
  <properties/>
  <testcase name="addNewContactSuccess" classname="tests.AddNewContactTests" time="3.834"/>
  <testcase name="addNewContactSuccess" classname="tests.AddNewContactTests" time="1.944"/>
  <testcase name="addNewContactSuccess" classname="tests.AddNewContactTests" time="1.887"/>
  <testcase name="addNewContactSuccess" classname="tests.AddNewContactTests" time="2.019"/>
  <testcase name="addNewContactSuccess" classname="tests.AddNewContactTests" time="2.265"/>
  <testcase name="addNewContactSuccess" classname="tests.AddNewContactTests" time="2.204"/>
  <testcase name="addNewContactSuccess" classname="tests.AddNewContactTests" time="2.014"/>
  <testcase name="addNewContactSuccess" classname="tests.AddNewContactTests" time="2.451"/>
  <testcase name="addNewContactSuccess" classname="tests.AddNewContactTests" time="2.431"/>
  <testcase name="addNewContactSuccess" classname="tests.AddNewContactTests" time="2.382"/>
  <testcase name="addNewContactSuccess" classname="tests.AddNewContactTests" time="2.299"/>
  <testcase name="addNewContactSuccess" classname="tests.AddNewContactTests" time="3.2"/>
  <testcase name="addNewContactSuccess" classname="tests.AddNewContactTests" time="1.966"/>
  <testcase name="addNewContactSuccess" classname="tests.AddNewContactTests" time="2.725"/>
  <testcase name="addNewContactSuccess" classname="tests.AddNewContactTests" time="2.66"/>
  <system-out><![CDATA[]]></system-out>
  <system-err><![CDATA[]]></system-err>
</testsuite>
